[debug] [2022-05-25T16:04:30.148Z] ----------------------------------------------------------------------
[debug] [2022-05-25T16:04:30.150Z] Command:       C:\Program Files\nodejs\node.exe C:\Users\김후성\AppData\Roaming\npm\node_modules\firebase-tools\lib\bin\firebase.js serve
[debug] [2022-05-25T16:04:30.151Z] CLI Version:   10.9.2
[debug] [2022-05-25T16:04:30.151Z] Platform:      win32
[debug] [2022-05-25T16:04:30.151Z] Node Version:  v16.15.0
[debug] [2022-05-25T16:04:30.153Z] Time:          Thu May 26 2022 01:04:30 GMT+0900 (대한민국 표준시)
[debug] [2022-05-25T16:04:30.154Z] ----------------------------------------------------------------------
[debug] 
[debug] [2022-05-25T16:04:30.237Z] > command requires scopes: ["email","openid","https://www.googleapis.com/auth/cloudplatformprojects.readonly","https://www.googleapis.com/auth/firebase","https://www.googleapis.com/auth/cloud-platform"]
[debug] [2022-05-25T16:04:30.237Z] > authorizing via signed-in user (gnjtd7727@gmail.com)
[debug] [2022-05-25T16:04:30.238Z] [iam] checking project pomogong for permissions ["firebase.projects.get"]
[debug] [2022-05-25T16:04:30.240Z] >>> [apiv2][query] POST https://cloudresourcemanager.googleapis.com/v1/projects/pomogong:testIamPermissions [none]
[debug] [2022-05-25T16:04:30.241Z] >>> [apiv2][body] POST https://cloudresourcemanager.googleapis.com/v1/projects/pomogong:testIamPermissions {"permissions":["firebase.projects.get"]}
[debug] [2022-05-25T16:04:31.086Z] <<< [apiv2][status] POST https://cloudresourcemanager.googleapis.com/v1/projects/pomogong:testIamPermissions 200
[debug] [2022-05-25T16:04:31.087Z] <<< [apiv2][body] POST https://cloudresourcemanager.googleapis.com/v1/projects/pomogong:testIamPermissions {"permissions":["firebase.projects.get"]}
[debug] [2022-05-25T16:04:31.089Z] >>> [apiv2][query] GET https://firebase.googleapis.com/v1beta1/projects/pomogong [none]
[debug] [2022-05-25T16:04:31.540Z] <<< [apiv2][status] GET https://firebase.googleapis.com/v1beta1/projects/pomogong 200
[debug] [2022-05-25T16:04:31.541Z] <<< [apiv2][body] GET https://firebase.googleapis.com/v1beta1/projects/pomogong {"projectId":"pomogong","projectNumber":"1085282584660","displayName":"pomogong","name":"projects/pomogong","resources":{"hostingSite":"pomogong","realtimeDatabaseInstance":"pomogong-default-rtdb"},"state":"ACTIVE"}
[info] 
[info] === Serving from 'C:\Users\김후성'...
[info] 
[debug] [2022-05-25T16:04:31.548Z] >>> [apiv2][query] GET https://firebasehosting.googleapis.com/v1beta1/projects/pomogong/sites 
[debug] [2022-05-25T16:04:32.694Z] <<< [apiv2][status] GET https://firebasehosting.googleapis.com/v1beta1/projects/pomogong/sites 200
[debug] [2022-05-25T16:04:32.694Z] <<< [apiv2][body] GET https://firebasehosting.googleapis.com/v1beta1/projects/pomogong/sites {"sites":[{"name":"projects/pomogong/sites/pomogong","defaultUrl":"https://pomogong.web.app","appId":"1:1085282584660:web:78b03c0128ff0ee49905c1","type":"DEFAULT_SITE"}]}
[debug] [2022-05-25T16:04:32.695Z] >>> [apiv2][query] GET https://firebase.googleapis.com/v1beta1/projects/pomogong/webApps/1:1085282584660:web:78b03c0128ff0ee49905c1/config [none]
[debug] [2022-05-25T16:04:33.851Z] <<< [apiv2][status] GET https://firebase.googleapis.com/v1beta1/projects/pomogong/webApps/1:1085282584660:web:78b03c0128ff0ee49905c1/config 200
[debug] [2022-05-25T16:04:33.852Z] <<< [apiv2][body] GET https://firebase.googleapis.com/v1beta1/projects/pomogong/webApps/1:1085282584660:web:78b03c0128ff0ee49905c1/config {"projectId":"pomogong","appId":"1:1085282584660:web:78b03c0128ff0ee49905c1","databaseURL":"https://pomogong-default-rtdb.firebaseio.com","storageBucket":"pomogong.appspot.com","apiKey":"AIzaSyDOmIX7LT-feniKTorbEJ7ELaUPmp9-_aA","authDomain":"pomogong.firebaseapp.com","messagingSenderId":"1085282584660","measurementId":"G-RLLV6M6K5Q"}
[info] i  hosting: Serving hosting files from: public {"metadata":{"emulator":{"name":"hosting"},"message":"Serving hosting files from: \u001b[1mpublic\u001b[22m"}}
[info] +  hosting: Local server: http://localhost:5000 {"metadata":{"emulator":{"name":"hosting"},"message":"Local server: \u001b[4m\u001b[1mhttp://localhost:5000\u001b[22m\u001b[24m"}}
